#
# There is insufficient memory for the Java Runtime Environment to continue.
# Native memory allocation (malloc) failed to allocate 32784 bytes for Chunk::new
# Possible reasons:
#   The system is out of physical RAM or swap space
#   The process is running with CompressedOops enabled, and the Java Heap may be blocking the growth of the native heap
# Possible solutions:
#   Reduce memory load on the system
#   Increase physical memory or swap space
#   Check if swap backing store is full
#   Decrease Java heap size (-Xmx/-Xms)
#   Decrease number of Java threads
#   Decrease Java thread stack sizes (-Xss)
#   Set larger code cache with -XX:ReservedCodeCacheSize=
#   JVM is running with Unscaled Compressed Oops mode in which the Java heap is
#     placed in the first 4GB address space. The Java Heap base address is the
#     maximum limit for the native heap growth. Please use -XX:HeapBaseMinAddress
#     to set the Java Heap base and to place the Java Heap above 4GB virtual address.
# This output file may be truncated or incomplete.
#
#  Out of Memory Error (arena.cpp:184), pid=6700, tid=15960
#
# JRE version: Java(TM) SE Runtime Environment (19.0.1+10) (build 19.0.1+10-21)
# Java VM: Java HotSpot(TM) 64-Bit Server VM (19.0.1+10-21, mixed mode, sharing, tiered, compressed oops, compressed class ptrs, g1 gc, windows-amd64)
# No core dump will be written. Minidumps are not enabled by default on client versions of Windows
#

---------------  S U M M A R Y ------------

Command Line: -Xmx64m -Xms64m -Dorg.gradle.appname=gradlew D:\ReactNative_GymApp_Intern_Task\ReactNative_GymApp_Intern_Task\android\\gradle\wrapper\gradle-wrapper.jar app:installDebug -PreactNativeDevServerPort=8081 --stacktrace

Host: Intel(R) Core(TM) i7-10750H CPU @ 2.60GHz, 12 cores, 15G,  Windows 11 , 64 bit Build 26100 (10.0.26100.8521)
Time: Mon Jul  6 20:22:13 2026 Sri Lanka Standard Time elapsed time: 182.600367 seconds (0d 0h 3m 2s)

---------------  T H R E A D  ---------------

Current thread (0x000002283734d930):  JavaThread "C2 CompilerThread0" daemon [_thread_in_native, id=15960, stack(0x000000d1aa300000,0x000000d1aa400000)]


Current CompileTask:
C2: 182600 2206       4       org.gradle.internal.logging.console.BuildStatusRenderer::onOutput (350 bytes)

Stack: [0x000000d1aa300000,0x000000d1aa400000]
Native frames: (J=compiled Java code, j=interpreted, Vv=VM code, C=native code)
V  [jvm.dll+0x6ee8fa]
V  [jvm.dll+0x857a1e]
V  [jvm.dll+0x85940e]
V  [jvm.dll+0x859ac3]
V  [jvm.dll+0x28291f]
V  [jvm.dll+0xc9b5f]
V  [jvm.dll+0xc9ee5]
V  [jvm.dll+0xc9c84]
V  [jvm.dll+0x6ccd6c]
V  [jvm.dll+0x5f1c25]
V  [jvm.dll+0x5f0f48]
V  [jvm.dll+0x254d73]
V  [jvm.dll+0x24d901]
V  [jvm.dll+0x24b563]
V  [jvm.dll+0x1d6d61]
V  [jvm.dll+0x25b0fa]
V  [jvm.dll+0x259588]
V  [jvm.dll+0x807928]
V  [jvm.dll+0x8015fa]
V  [jvm.dll+0x6ed5eb]
C  [ucrtbase.dll+0x2cd30]
C  [KERNEL32.DLL+0x2e957]
C  [ntdll.dll+0x87c1c]


---------------  P R O C E S S  ---------------

Threads class SMR info:
_java_thread_list=0x000002283c8f1f40, length=13, elements={
0x000002281d091860, 0x000002283733e3a0, 0x000002283733ecd0, 0x0000022837345990,
0x00000228373462c0, 0x0000022837346bf0, 0x0000022837347520, 0x000002283734d930,
0x0000022837350e20, 0x0000022837370300, 0x000002283b5ce7a0, 0x000002283b5d5b40,
0x000002283c323d60
}

Java Threads: ( => current thread )
  0x000002281d091860 JavaThread "main" [_thread_in_native, id=22516, stack(0x000000d1a9600000,0x000000d1a9700000)]
  0x000002283733e3a0 JavaThread "Reference Handler" daemon [_thread_blocked, id=9508, stack(0x000000d1a9d00000,0x000000d1a9e00000)]
  0x000002283733ecd0 JavaThread "Finalizer" daemon [_thread_blocked, id=2828, stack(0x000000d1a9e00000,0x000000d1a9f00000)]
  0x0000022837345990 JavaThread "Signal Dispatcher" daemon [_thread_blocked, id=7036, stack(0x000000d1a9f00000,0x000000d1aa000000)]
  0x00000228373462c0 JavaThread "Attach Listener" daemon [_thread_blocked, id=17212, stack(0x000000d1aa000000,0x000000d1aa100000)]
  0x0000022837346bf0 JavaThread "Service Thread" daemon [_thread_blocked, id=14444, stack(0x000000d1aa100000,0x000000d1aa200000)]
  0x0000022837347520 JavaThread "Monitor Deflation Thread" daemon [_thread_blocked, id=8092, stack(0x000000d1aa200000,0x000000d1aa300000)]
=>0x000002283734d930 JavaThread "C2 CompilerThread0" daemon [_thread_in_native, id=15960, stack(0x000000d1aa300000,0x000000d1aa400000)]
  0x0000022837350e20 JavaThread "C1 CompilerThread0" daemon [_thread_blocked, id=9940, stack(0x000000d1aa400000,0x000000d1aa500000)]
  0x0000022837370300 JavaThread "Sweeper thread" daemon [_thread_blocked, id=9104, stack(0x000000d1aa500000,0x000000d1aa600000)]
  0x000002283b5ce7a0 JavaThread "Notification Thread" daemon [_thread_blocked, id=10520, stack(0x000000d1aa600000,0x000000d1aa700000)]
  0x000002283b5d5b40 JavaThread "Common-Cleaner" daemon [_thread_blocked, id=10664, stack(0x000000d1aa800000,0x000000d1aa900000)]
  0x000002283c323d60 JavaThread "pool-1-thread-1" [_thread_in_native, id=18424, stack(0x000000d1aaa00000,0x000000d1aab00000)]

Other Threads:
  0x000002283731f700 VMThread "VM Thread" [stack: 0x000000d1a9c00000,0x000000d1a9d00000] [id=15136]
  0x000002283b5d32c0 WatcherThread "VM Periodic Task Thread" [stack: 0x000000d1aa700000,0x000000d1aa800000] [id=11344]
  0x000002281d0b6300 WorkerThread "GC Thread#0" [stack: 0x000000d1a9700000,0x000000d1a9800000] [id=1856]
  0x000002283b907540 WorkerThread "GC Thread#1" [stack: 0x000000d1aab00000,0x000000d1aac00000] [id=22268]
  0x000002283b76f450 WorkerThread "GC Thread#2" [stack: 0x000000d1aac00000,0x000000d1aad00000] [id=20708]
  0x000002283b9d4320 WorkerThread "GC Thread#3" [stack: 0x000000d1aad00000,0x000000d1aae00000] [id=17252]
  0x000002283b9d2700 WorkerThread "GC Thread#4" [stack: 0x000000d1aa900000,0x000000d1aaa00000] [id=10460]
  0x000002283b9d3d80 WorkerThread "GC Thread#5" [stack: 0x000000d1aae00000,0x000000d1aaf00000] [id=15860]
  0x000002283b9d29d0 WorkerThread "GC Thread#6" [stack: 0x000000d1aaf00000,0x000000d1ab000000] [id=16340]
  0x000002283b9d2ca0 WorkerThread "GC Thread#7" [stack: 0x000000d1ab000000,0x000000d1ab100000] [id=5712]
  0x000002281d0b8980 ConcurrentGCThread "G1 Main Marker" [stack: 0x000000d1a9800000,0x000000d1a9900000] [id=2656]
  0x000002281d0ba8d0 WorkerThread "G1 Conc#0" [stack: 0x000000d1a9900000,0x000000d1a9a00000] [id=22168]
  0x00000228371e2090 ConcurrentGCThread "G1 Refine#0" [stack: 0x000000d1a9a00000,0x000000d1a9b00000] [id=21844]
  0x00000228371e3990 ConcurrentGCThread "G1 Service" [stack: 0x000000d1a9b00000,0x000000d1a9c00000] [id=10260]

Threads with active compile tasks:
C2 CompilerThread0   182667 2206       4       org.gradle.internal.logging.console.BuildStatusRenderer::onOutput (350 bytes)

VM state: not at safepoint (normal execution)

VM Mutex/Monitor currently owned by a thread: None

Heap address: 0x00000000fc000000, size: 64 MB, Compressed Oops mode: 32-bit

CDS archive(s) mapped at: [0x0000000800000000-0x0000000800c40000-0x0000000800c40000), size 12845056, SharedBaseAddress: 0x0000000800000000, ArchiveRelocationMode: 0.
Compressed class space mapped at: 0x0000000801000000-0x0000000841000000, reserved size: 1073741824
Narrow klass base: 0x0000000800000000, Narrow klass shift: 0, Narrow klass range: 0x100000000

GC Precious Log:
 CardTable entry size: 512
 Card Set container configuration: InlinePtr #cards 5 size 8 Array Of Cards #cards 12 size 40 Howl #buckets 4 coarsen threshold 1843 Howl Bitmap #cards 512 size 80 coarsen threshold 460 Card regions per heap region 1 cards per card region 2048
 CPUs: 12 total, 12 available
 Memory: 16087M
 Large Page Support: Disabled
 NUMA Support: Disabled
 Compressed Oops: Enabled (32-bit)
 Heap Region Size: 1M
 Heap Min Capacity: 64M
 Heap Initial Capacity: 64M
 Heap Max Capacity: 64M
 Pre-touch: Disabled
 Parallel Workers: 10
 Concurrent Workers: 3
 Concurrent Refinement Workers: 10
 Periodic GC: Disabled

Heap:
 garbage-first heap   total 65536K, used 29217K [0x00000000fc000000, 0x0000000100000000)
  region size 1024K, 23 young (23552K), 5 survivors (5120K)
 Metaspace       used 10854K, committed 11136K, reserved 1114112K
  class space    used 1342K, committed 1472K, reserved 1048576K

Heap Regions: E=young(eden), S=young(survivor), O=old, HS=humongous(starts), HC=humongous(continues), CS=collection set, F=free, OA=open archive, CA=closed archive, TAMS=top-at-mark-start (previous, next)
|   0|0x00000000fc000000, 0x00000000fc100000, 0x00000000fc100000|100%|HS|  |TAMS 0x00000000fc000000, 0x00000000fc000000| Complete 
|   1|0x00000000fc100000, 0x00000000fc200000, 0x00000000fc200000|100%|HC|  |TAMS 0x00000000fc100000, 0x00000000fc100000| Complete 
|   2|0x00000000fc200000, 0x00000000fc300000, 0x00000000fc300000|100%|HC|  |TAMS 0x00000000fc200000, 0x00000000fc200000| Complete 
|   3|0x00000000fc300000, 0x00000000fc400000, 0x00000000fc400000|100%|HC|  |TAMS 0x00000000fc300000, 0x00000000fc300000| Complete 
|   4|0x00000000fc400000, 0x00000000fc500000, 0x00000000fc500000|100%| O|  |TAMS 0x00000000fc400000, 0x00000000fc400000| Untracked 
|   5|0x00000000fc500000, 0x00000000fc600000, 0x00000000fc600000|100%| O|  |TAMS 0x00000000fc500000, 0x00000000fc500000| Untracked 
|   6|0x00000000fc600000, 0x00000000fc688400, 0x00000000fc700000| 53%| O|  |TAMS 0x00000000fc600000, 0x00000000fc600000| Untracked 
|   7|0x00000000fc700000, 0x00000000fc700000, 0x00000000fc800000|  0%| F|  |TAMS 0x00000000fc700000, 0x00000000fc700000| Untracked 
|   8|0x00000000fc800000, 0x00000000fc800000, 0x00000000fc900000|  0%| F|  |TAMS 0x00000000fc800000, 0x00000000fc800000| Untracked 
|   9|0x00000000fc900000, 0x00000000fc900000, 0x00000000fca00000|  0%| F|  |TAMS 0x00000000fc900000, 0x00000000fc900000| Untracked 
|  10|0x00000000fca00000, 0x00000000fca00000, 0x00000000fcb00000|  0%| F|  |TAMS 0x00000000fca00000, 0x00000000fca00000| Untracked 
|  11|0x00000000fcb00000, 0x00000000fcb00000, 0x00000000fcc00000|  0%| F|  |TAMS 0x00000000fcb00000, 0x00000000fcb00000| Untracked 
|  12|0x00000000fcc00000, 0x00000000fcc00000, 0x00000000fcd00000|  0%| F|  |TAMS 0x00000000fcc00000, 0x00000000fcc00000| Untracked 
|  13|0x00000000fcd00000, 0x00000000fcd00000, 0x00000000fce00000|  0%| F|  |TAMS 0x00000000fcd00000, 0x00000000fcd00000| Untracked 
|  14|0x00000000fce00000, 0x00000000fce00000, 0x00000000fcf00000|  0%| F|  |TAMS 0x00000000fce00000, 0x00000000fce00000| Untracked 
|  15|0x00000000fcf00000, 0x00000000fcf00000, 0x00000000fd000000|  0%| F|  |TAMS 0x00000000fcf00000, 0x00000000fcf00000| Untracked 
|  16|0x00000000fd000000, 0x00000000fd000000, 0x00000000fd100000|  0%| F|  |TAMS 0x00000000fd000000, 0x00000000fd000000| Untracked 
|  17|0x00000000fd100000, 0x00000000fd100000, 0x00000000fd200000|  0%| F|  |TAMS 0x00000000fd100000, 0x00000000fd100000| Untracked 
|  18|0x00000000fd200000, 0x00000000fd200000, 0x00000000fd300000|  0%| F|  |TAMS 0x00000000fd200000, 0x00000000fd200000| Untracked 
|  19|0x00000000fd300000, 0x00000000fd300000, 0x00000000fd400000|  0%| F|  |TAMS 0x00000000fd300000, 0x00000000fd300000| Untracked 
|  20|0x00000000fd400000, 0x00000000fd400000, 0x00000000fd500000|  0%| F|  |TAMS 0x00000000fd400000, 0x00000000fd400000| Untracked 
|  21|0x00000000fd500000, 0x00000000fd500000, 0x00000000fd600000|  0%| F|  |TAMS 0x00000000fd500000, 0x00000000fd500000| Untracked 
|  22|0x00000000fd600000, 0x00000000fd600000, 0x00000000fd700000|  0%| F|  |TAMS 0x00000000fd600000, 0x00000000fd600000| Untracked 
|  23|0x00000000fd700000, 0x00000000fd700000, 0x00000000fd800000|  0%| F|  |TAMS 0x00000000fd700000, 0x00000000fd700000| Untracked 
|  24|0x00000000fd800000, 0x00000000fd800000, 0x00000000fd900000|  0%| F|  |TAMS 0x00000000fd800000, 0x00000000fd800000| Untracked 
|  25|0x00000000fd900000, 0x00000000fd900000, 0x00000000fda00000|  0%| F|  |TAMS 0x00000000fd900000, 0x00000000fd900000| Untracked 
|  26|0x00000000fda00000, 0x00000000fdb00000, 0x00000000fdb00000|100%| S|CS|TAMS 0x00000000fda00000, 0x00000000fda00000| Complete 
|  27|0x00000000fdb00000, 0x00000000fdc00000, 0x00000000fdc00000|100%| S|CS|TAMS 0x00000000fdb00000, 0x00000000fdb00000| Complete 
|  28|0x00000000fdc00000, 0x00000000fdd00000, 0x00000000fdd00000|100%| S|CS|TAMS 0x00000000fdc00000, 0x00000000fdc00000| Complete 
|  29|0x00000000fdd00000, 0x00000000fde00000, 0x00000000fde00000|100%| S|CS|TAMS 0x00000000fdd00000, 0x00000000fdd00000| Complete 
|  30|0x00000000fde00000, 0x00000000fdf00000, 0x00000000fdf00000|100%| S|CS|TAMS 0x00000000fde00000, 0x00000000fde00000| Complete 
|  31|0x00000000fdf00000, 0x00000000fdf00000, 0x00000000fe000000|  0%| F|  |TAMS 0x00000000fdf00000, 0x00000000fdf00000| Untracked 
|  32|0x00000000fe000000, 0x00000000fe000000, 0x00000000fe100000|  0%| F|  |TAMS 0x00000000fe000000, 0x00000000fe000000| Untracked 
|  33|0x00000000fe100000, 0x00000000fe100000, 0x00000000fe200000|  0%| F|  |TAMS 0x00000000fe100000, 0x00000000fe100000| Untracked 
|  34|0x00000000fe200000, 0x00000000fe200000, 0x00000000fe300000|  0%| F|  |TAMS 0x00000000fe200000, 0x00000000fe200000| Untracked 
|  35|0x00000000fe300000, 0x00000000fe300000, 0x00000000fe400000|  0%| F|  |TAMS 0x00000000fe300000, 0x00000000fe300000| Untracked 
|  36|0x00000000fe400000, 0x00000000fe400000, 0x00000000fe500000|  0%| F|  |TAMS 0x00000000fe400000, 0x00000000fe400000| Untracked 
|  37|0x00000000fe500000, 0x00000000fe500000, 0x00000000fe600000|  0%| F|  |TAMS 0x00000000fe500000, 0x00000000fe500000| Untracked 
|  38|0x00000000fe600000, 0x00000000fe600000, 0x00000000fe700000|  0%| F|  |TAMS 0x00000000fe600000, 0x00000000fe600000| Untracked 
|  39|0x00000000fe700000, 0x00000000fe700000, 0x00000000fe800000|  0%| F|  |TAMS 0x00000000fe700000, 0x00000000fe700000| Untracked 
|  40|0x00000000fe800000, 0x00000000fe800000, 0x00000000fe900000|  0%| F|  |TAMS 0x00000000fe800000, 0x00000000fe800000| Untracked 
|  41|0x00000000fe900000, 0x00000000fe900000, 0x00000000fea00000|  0%| F|  |TAMS 0x00000000fe900000, 0x00000000fe900000| Untracked 
|  42|0x00000000fea00000, 0x00000000fea00000, 0x00000000feb00000|  0%| F|  |TAMS 0x00000000fea00000, 0x00000000fea00000| Untracked 
|  43|0x00000000feb00000, 0x00000000feb00000, 0x00000000fec00000|  0%| F|  |TAMS 0x00000000feb00000, 0x00000000feb00000| Untracked 
|  44|0x00000000fec00000, 0x00000000fec00000, 0x00000000fed00000|  0%| F|  |TAMS 0x00000000fec00000, 0x00000000fec00000| Untracked 
|  45|0x00000000fed00000, 0x00000000fed00000, 0x00000000fee00000|  0%| F|  |TAMS 0x00000000fed00000, 0x00000000fed00000| Untracked 
|  46|0x00000000fee00000, 0x00000000fee7f100, 0x00000000fef00000| 49%| E|  |TAMS 0x00000000fee00000, 0x00000000fee00000| Complete 
|  47|0x00000000fef00000, 0x00000000ff000000, 0x00000000ff000000|100%| E|CS|TAMS 0x00000000fef00000, 0x00000000fef00000| Complete 
|  48|0x00000000ff000000, 0x00000000ff100000, 0x00000000ff100000|100%| E|CS|TAMS 0x00000000ff000000, 0x00000000ff000000| Complete 
|  49|0x00000000ff100000, 0x00000000ff200000, 0x00000000ff200000|100%| E|CS|TAMS 0x00000000ff100000, 0x00000000ff100000| Complete 
|  50|0x00000000ff200000, 0x00000000ff300000, 0x00000000ff300000|100%| E|CS|TAMS 0x00000000ff200000, 0x00000000ff200000| Complete 
|  51|0x00000000ff300000, 0x00000000ff400000, 0x00000000ff400000|100%| E|CS|TAMS 0x00000000ff300000, 0x00000000ff300000| Complete 
|  52|0x00000000ff400000, 0x00000000ff500000, 0x00000000ff500000|100%| E|CS|TAMS 0x00000000ff400000, 0x00000000ff400000| Complete 
|  53|0x00000000ff500000, 0x00000000ff600000, 0x00000000ff600000|100%| E|CS|TAMS 0x00000000ff500000, 0x00000000ff500000| Complete 
|  54|0x00000000ff600000, 0x00000000ff700000, 0x00000000ff700000|100%| E|CS|TAMS 0x00000000ff600000, 0x00000000ff600000| Complete 
|  55|0x00000000ff700000, 0x00000000ff800000, 0x00000000ff800000|100%| E|CS|TAMS 0x00000000ff700000, 0x00000000ff700000| Complete 
|  56|0x00000000ff800000, 0x00000000ff900000, 0x00000000ff900000|100%| E|CS|TAMS 0x00000000ff800000, 0x00000000ff800000| Complete 
|  57|0x00000000ff900000, 0x00000000ffa00000, 0x00000000ffa00000|100%| E|CS|TAMS 0x00000000ff900000, 0x00000000ff900000| Complete 
|  58|0x00000000ffa00000, 0x00000000ffb00000, 0x00000000ffb00000|100%| E|CS|TAMS 0x00000000ffa00000, 0x00000000ffa00000| Complete 
|  59|0x00000000ffb00000, 0x00000000ffc00000, 0x00000000ffc00000|100%| E|CS|TAMS 0x00000000ffb00000, 0x00000000ffb00000| Complete 
|  60|0x00000000ffc00000, 0x00000000ffd00000, 0x00000000ffd00000|100%| E|CS|TAMS 0x00000000ffc00000, 0x00000000ffc00000| Complete 
|  61|0x00000000ffd00000, 0x00000000ffe00000, 0x00000000ffe00000|100%| E|CS|TAMS 0x00000000ffd00000, 0x00000000ffd00000| Complete 
|  62|0x00000000ffe00000, 0x00000000fff00000, 0x00000000fff00000|100%| E|CS|TAMS 0x00000000ffe00000, 0x00000000ffe00000| Complete 
|  63|0x00000000fff00000, 0x0000000100000000, 0x0000000100000000|100%| E|CS|TAMS 0x00000000fff00000, 0x00000000fff00000| Complete 

Card table byte_map: [0x000002281afc0000,0x000002281afe0000] _byte_map_base: 0x000002281a7e0000

Marking Bits (Prev, Next): (CMBitMap*) 0x000002281d0b7850, (CMBitMap*) 0x000002281d0b7890
 Prev Bits: [0x0000022834540000, 0x0000022834640000)
 Next Bits: [0x0000022834640000, 0x0000022834740000)

Polling page: 0x000002281af70000

Metaspace:

Usage:
  Non-class:      9.29 MB used.
      Class:      1.31 MB used.
       Both:     10.60 MB used.

Virtual space:
  Non-class space:       64.00 MB reserved,       9.44 MB ( 15%) committed,  1 nodes.
      Class space:        1.00 GB reserved,       1.44 MB ( <1%) committed,  1 nodes.
             Both:        1.06 GB reserved,      10.88 MB ( <1%) committed. 

Chunk freelists:
   Non-Class:  2.31 MB
       Class:  2.51 MB
        Both:  4.82 MB

MaxMetaspaceSize: unlimited
CompressedClassSpaceSize: 1.00 GB
Initial GC threshold: 21.00 MB
Current GC threshold: 21.00 MB
CDS: on
MetaspaceReclaimPolicy: balanced
 - commit_granule_bytes: 65536.
 - commit_granule_words: 8192.
 - virtual_space_node_default_size: 8388608.
 - enlarge_chunks_in_place: 1.
 - new_chunks_are_fully_committed: 0.
 - uncommit_free_chunks: 1.
 - use_allocation_guard: 0.


Internal statistics:

num_allocs_failed_limit: 0.
num_arena_births: 254.
num_arena_deaths: 0.
num_vsnodes_births: 2.
num_vsnodes_deaths: 0.
num_space_committed: 174.
num_space_uncommitted: 0.
num_chunks_returned_to_freelist: 0.
num_chunks_taken_from_freelist: 581.
num_chunk_merges: 0.
num_chunk_splits: 377.
num_chunks_enlarged: 273.
num_inconsistent_stats: 0.

CodeHeap 'non-profiled nmethods': size=120000Kb used=913Kb max_used=913Kb free=119087Kb
 bounds [0x000002282cac0000, 0x000002282cd30000, 0x0000022833ff0000]
CodeHeap 'profiled nmethods': size=120000Kb used=4226Kb max_used=4226Kb free=115773Kb
 bounds [0x0000022824ff0000, 0x0000022825420000, 0x000002282c520000]
CodeHeap 'non-nmethods': size=5760Kb used=1277Kb max_used=1313Kb free=4482Kb
 bounds [0x000002282c520000, 0x000002282c790000, 0x000002282cac0000]
 total_blobs=2702 nmethods=2205 adapters=408
 compilation: enabled
              stopped_count=0, restarted_count=0
 full_count=0

Compilation events (20 events):
Event: 154.884 Thread 0x000002283734d930 nmethod 2196 0x000002282cb9e310 code [0x000002282cb9e4c0, 0x000002282cb9e688]
Event: 160.949 Thread 0x000002283734d930 2197       4       java.util.concurrent.locks.LockSupport::setBlocker (12 bytes)
Event: 160.952 Thread 0x000002283734d930 nmethod 2197 0x000002282cb9e890 code [0x000002282cb9ea00, 0x000002282cb9eb38]
Event: 165.411 Thread 0x000002283734d930 2198       4       org.gradle.internal.serialize.DefaultSerializerRegistry$TaggedTypeSerializer::read (69 bytes)
Event: 165.424 Thread 0x000002283734d930 nmethod 2198 0x000002282cb9eb90 code [0x000002282cb9ed60, 0x000002282cb9f338]
Event: 165.964 Thread 0x000002283734d930 2199       4       org.gradle.internal.logging.console.WorkInProgressRenderer::onOutput (53 bytes)
Event: 166.031 Thread 0x000002283734d930 nmethod 2199 0x000002282cb9f890 code [0x000002282cb9fb60, 0x000002282cba0868]
Event: 166.650 Thread 0x0000022837350e20 2200   !   3       java.nio.charset.CharsetEncoder::encode (273 bytes)
Event: 166.653 Thread 0x0000022837350e20 nmethod 2200 0x000002282540e510 code [0x000002282540e820, 0x000002282540fae8]
Event: 166.653 Thread 0x0000022837350e20 2201       3       java.nio.charset.CoderResult::isOverflow (14 bytes)
Event: 166.654 Thread 0x0000022837350e20 nmethod 2201 0x0000022825410090 code [0x0000022825410220, 0x0000022825410398]
Event: 169.049 Thread 0x000002283734d930 2202       4       java.util.ArrayList::clear (43 bytes)
Event: 169.054 Thread 0x000002283734d930 nmethod 2202 0x000002282cba1890 code [0x000002282cba1a20, 0x000002282cba1b78]
Event: 176.448 Thread 0x0000022837350e20 2203       3       java.lang.AbstractStringBuilder::substring (44 bytes)
Event: 176.448 Thread 0x0000022837350e20 nmethod 2203 0x0000022825410410 code [0x0000022825410600, 0x0000022825410a08]
Event: 180.448 Thread 0x000002283734d930 2204       4       java.util.concurrent.ScheduledThreadPoolExecutor::canRunInCurrentRunState (61 bytes)
Event: 180.449 Thread 0x000002283734d930 nmethod 2204 0x000002282cba1c90 code [0x000002282cba1e20, 0x000002282cba1ed8]
Event: 180.649 Thread 0x000002283734d930 2205       4       org.gradle.internal.logging.console.DefaultRedrawableLabel::redraw (163 bytes)
Event: 180.685 Thread 0x000002283734d930 nmethod 2205 0x000002282cba2010 code [0x000002282cba22c0, 0x000002282cba3410]
Event: 182.439 Thread 0x000002283734d930 2206       4       org.gradle.internal.logging.console.BuildStatusRenderer::onOutput (350 bytes)

GC Heap History (4 events):
Event: 0.553 GC heap before
{Heap before GC invocations=0 (full 0):
 garbage-first heap   total 65536K, used 22528K [0x00000000fc000000, 0x0000000100000000)
  region size 1024K, 23 young (23552K), 0 survivors (0K)
 Metaspace       used 1723K, committed 1920K, reserved 1114112K
  class space    used 153K, committed 256K, reserved 1048576K
}
Event: 0.558 GC heap after
{Heap after GC invocations=1 (full 0):
 garbage-first heap   total 65536K, used 1824K [0x00000000fc000000, 0x0000000100000000)
  region size 1024K, 2 young (2048K), 2 survivors (2048K)
 Metaspace       used 1723K, committed 1920K, reserved 1114112K
  class space    used 153K, committed 256K, reserved 1048576K
}
Event: 1.631 GC heap before
{Heap before GC invocations=1 (full 0):
 garbage-first heap   total 65536K, used 36640K [0x00000000fc000000, 0x0000000100000000)
  region size 1024K, 33 young (33792K), 2 survivors (2048K)
 Metaspace       used 7793K, committed 8064K, reserved 1114112K
  class space    used 994K, committed 1088K, reserved 1048576K
}
Event: 1.638 GC heap after
{Heap after GC invocations=2 (full 0):
 garbage-first heap   total 65536K, used 11809K [0x00000000fc000000, 0x0000000100000000)
  region size 1024K, 5 young (5120K), 5 survivors (5120K)
 Metaspace       used 7793K, committed 8064K, reserved 1114112K
  class space    used 994K, committed 1088K, reserved 1048576K
}

Dll operation events (13 events):
Event: 0.010 Loaded shared library C:\Program Files\Java\jdk-19\bin\java.dll
Event: 0.019 Loaded shared library C:\Program Files\Java\jdk-19\bin\jsvml.dll
Event: 0.059 Loaded shared library C:\Program Files\Java\jdk-19\bin\net.dll
Event: 0.061 Loaded shared library C:\Program Files\Java\jdk-19\bin\nio.dll
Event: 0.065 Loaded shared library C:\Program Files\Java\jdk-19\bin\zip.dll
Event: 0.568 Loaded shared library C:\Program Files\Java\jdk-19\bin\jimage.dll
Event: 1.095 Loaded shared library C:\Program Files\Java\jdk-19\bin\management.dll
Event: 1.099 Loaded shared library C:\Program Files\Java\jdk-19\bin\management_ext.dll
Event: 1.166 Loaded shared library C:\Users\fredd\.gradle\native\660c5614fbf4a5f2a75b1949f50a0caf5cd603558e7d8a26e50b933a0cfb79d1\windows-amd64\native-platform.dll
Event: 1.214 Loaded shared library C:\Users\fredd\.gradle\native\jansi\2.4.2\Windows\x86_64\jansi.dll
Event: 1.546 Loaded shared library C:\Program Files\Java\jdk-19\bin\extnet.dll
Event: 1.958 Loaded shared library C:\Program Files\Java\jdk-19\bin\verify.dll
Event: 5.505 Loaded shared library C:\Program Files\Java\jdk-19\bin\sunmscapi.dll

Deoptimization events (20 events):
Event: 98.348 Thread 0x000002283c323d60 Uncommon trap: trap_request=0xffffff45 fr.pc=0x000002282cb893c8 relative=0x00000000000000a8
Event: 98.348 Thread 0x000002283c323d60 Uncommon trap: reason=unstable_if action=reinterpret pc=0x000002282cb893c8 method=org.gradle.internal.operations.OperationIdentifier.equals(Ljava/lang/Object;)Z @ 38 c2
Event: 98.348 Thread 0x000002283c323d60 DEOPT PACKING pc=0x000002282cb893c8 sp=0x000000d1aaafef80
Event: 98.348 Thread 0x000002283c323d60 DEOPT UNPACKING pc=0x000002282c586da3 sp=0x000000d1aaafef18 mode 2
Event: 98.865 Thread 0x000002281d091860 Uncommon trap: trap_request=0xffffffc6 fr.pc=0x000002282cb8e8cc relative=0x00000000000020cc
Event: 98.865 Thread 0x000002281d091860 Uncommon trap: reason=bimorphic_or_optimized_type_check action=maybe_recompile pc=0x000002282cb8e8cc method=org.gradle.internal.serialize.DefaultSerializerRegistry$TaggedTypeSerializer.read(Lorg/gradle/internal/serialize/Decoder;)Ljava/lang/Object; @ 60 c
Event: 98.865 Thread 0x000002281d091860 DEOPT PACKING pc=0x000002282cb8e8cc sp=0x000000d1a96fe0b0
Event: 98.865 Thread 0x000002281d091860 DEOPT UNPACKING pc=0x000002282c586da3 sp=0x000000d1a96fdf40 mode 2
Event: 98.876 Thread 0x000002281d091860 Uncommon trap: trap_request=0xffffffc6 fr.pc=0x000002282cb8e8cc relative=0x00000000000020cc
Event: 98.876 Thread 0x000002281d091860 Uncommon trap: reason=bimorphic_or_optimized_type_check action=maybe_recompile pc=0x000002282cb8e8cc method=org.gradle.internal.serialize.DefaultSerializerRegistry$TaggedTypeSerializer.read(Lorg/gradle/internal/serialize/Decoder;)Ljava/lang/Object; @ 60 c
Event: 98.876 Thread 0x000002281d091860 DEOPT PACKING pc=0x000002282cb8e8cc sp=0x000000d1a96fe0b0
Event: 98.876 Thread 0x000002281d091860 DEOPT UNPACKING pc=0x000002282c586da3 sp=0x000000d1a96fdf40 mode 2
Event: 98.876 Thread 0x000002281d091860 Uncommon trap: trap_request=0xffffff45 fr.pc=0x000002282cb8a8c0 relative=0x0000000000000200
Event: 98.876 Thread 0x000002281d091860 Uncommon trap: reason=unstable_if action=reinterpret pc=0x000002282cb8a8c0 method=com.esotericsoftware.kryo.io.Input.readVarInt(Z)I @ 42 c2
Event: 98.876 Thread 0x000002281d091860 DEOPT PACKING pc=0x000002282cb8a8c0 sp=0x000000d1a96fddd0
Event: 98.876 Thread 0x000002281d091860 DEOPT UNPACKING pc=0x000002282c586da3 sp=0x000000d1a96fdcb0 mode 2
Event: 98.876 Thread 0x000002281d091860 Uncommon trap: trap_request=0xffffff45 fr.pc=0x000002282cb8b18c relative=0x00000000000001ec
Event: 98.876 Thread 0x000002281d091860 Uncommon trap: reason=unstable_if action=reinterpret pc=0x000002282cb8b18c method=com.esotericsoftware.kryo.io.Input.readVarInt(Z)I @ 6 c2
Event: 98.876 Thread 0x000002281d091860 DEOPT PACKING pc=0x000002282cb8b18c sp=0x000000d1a96fdd20
Event: 98.876 Thread 0x000002281d091860 DEOPT UNPACKING pc=0x000002282c586da3 sp=0x000000d1a96fdcc0 mode 2

Classes loaded (20 events):
Event: 5.553 Loading class java/nio/channels/Pipe$SourceChannel done
Event: 5.553 Loading class sun/nio/ch/SourceChannelImpl done
Event: 5.554 Loading class sun/nio/ch/SinkChannelImpl
Event: 5.554 Loading class java/nio/channels/Pipe$SinkChannel
Event: 5.554 Loading class java/nio/channels/Pipe$SinkChannel done
Event: 5.554 Loading class sun/nio/ch/SinkChannelImpl done
Event: 5.556 Loading class sun/nio/ch/SelectionKeyImpl
Event: 5.556 Loading class java/nio/channels/spi/AbstractSelectionKey
Event: 5.556 Loading class java/nio/channels/SelectionKey
Event: 5.557 Loading class java/nio/channels/SelectionKey done
Event: 5.557 Loading class java/nio/channels/spi/AbstractSelectionKey done
Event: 5.557 Loading class sun/nio/ch/SelectionKeyImpl done
Event: 5.557 Loading class java/lang/invoke/ConstantBootstraps
Event: 5.557 Loading class java/lang/invoke/ConstantBootstraps done
Event: 5.567 Loading class java/nio/channels/spi/AbstractSelector$1
Event: 5.567 Loading class java/nio/channels/spi/AbstractSelector$1 done
Event: 5.626 Loading class java/util/concurrent/Executors$FinalizableDelegatedExecutorService
Event: 5.626 Loading class java/util/concurrent/Executors$FinalizableDelegatedExecutorService done
Event: 17.583 Loading class java/lang/invoke/MethodHandle$1
Event: 17.584 Loading class java/lang/invoke/MethodHandle$1 done

Classes unloaded (0 events):
No events

Classes redefined (0 events):
No events

Internal exceptions (20 events):
Event: 1.223 Thread 0x000002281d091860 Exception <a 'java/lang/NullPointerException'{0x00000000febd2d30}> (0x00000000febd2d30) 
thrown [s\open\src\hotspot\share\interpreter\linkResolver.cpp, line 1374]
Event: 1.223 Thread 0x000002281d091860 Exception <a 'java/lang/NullPointerException'{0x00000000febd3010}> (0x00000000febd3010) 
thrown [s\open\src\hotspot\share\interpreter\linkResolver.cpp, line 1374]
Event: 1.223 Thread 0x000002281d091860 Exception <a 'java/lang/NullPointerException'{0x00000000febd32f0}> (0x00000000febd32f0) 
thrown [s\open\src\hotspot\share\interpreter\linkResolver.cpp, line 1374]
Event: 1.309 Thread 0x000002281d091860 Exception <a 'java/lang/NoSuchMethodError'{0x00000000fe6ebf18}: 'java.lang.Object java.lang.invoke.DirectMethodHandle$Holder.newInvokeSpecial(java.lang.Object, java.lang.Object, java.lang.Object, java.lang.Object, java.lang.Object)'> (0x00000000fe6ebf18) 
thrown [s\open\src\hotspot\share\interpreter\linkResolver.cpp, line 774]
Event: 1.318 Thread 0x000002281d091860 Exception <a 'java/lang/NoSuchMethodError'{0x00000000fe52c678}: 'java.lang.Object java.lang.invoke.Invokers$Holder.invokeExact_MT(java.lang.Object, java.lang.Object, java.lang.Object, java.lang.Object, java.lang.Object)'> (0x00000000fe52c678) 
thrown [s\open\src\hotspot\share\interpreter\linkResolver.cpp, line 774]
Event: 1.319 Thread 0x000002281d091860 Exception <a 'java/lang/NoSuchMethodError'{0x00000000fe5307d0}: 'java.lang.Object java.lang.invoke.DirectMethodHandle$Holder.invokeVirtual(java.lang.Object, java.lang.Object, java.lang.Object, java.lang.Object, java.lang.Object, java.lang.Object)'> (0x00000000fe5307d0) 
thrown [s\open\src\hotspot\share\interpreter\linkResolver.cpp, line 774]
Event: 1.326 Thread 0x000002281d091860 Exception <a 'java/lang/NoSuchMethodError'{0x00000000fe567a50}: 'java.lang.Object java.lang.invoke.DirectMethodHandle$Holder.invokeVirtual(java.lang.Object, java.lang.Object, java.lang.Object, java.lang.Object)'> (0x00000000fe567a50) 
thrown [s\open\src\hotspot\share\interpreter\linkResolver.cpp, line 774]
Event: 1.328 Thread 0x000002281d091860 Exception <a 'java/lang/NoSuchMethodError'{0x00000000fe5787c8}: 'java.lang.Object java.lang.invoke.DirectMethodHandle$Holder.invokeVirtual(java.lang.Object, java.lang.Object, java.lang.Object, java.lang.Object, java.lang.Object, java.lang.Object, java.lang.Object)'> (0x00000000fe5787c8) 
thrown [s\open\src\hotspot\share\interpreter\linkResolver.cpp, line 774]
Event: 1.551 Thread 0x000002281d091860 Exception <a 'java/lang/NoSuchMethodError'{0x00000000fe2ea330}: 'void java.lang.invoke.DirectMethodHandle$Holder.invokeStatic(java.lang.Object, java.lang.Object, java.lang.Object)'> (0x00000000fe2ea330) 
thrown [s\open\src\hotspot\share\interpreter\linkResolver.cpp, line 774]
Event: 1.574 Thread 0x000002281d091860 Exception <a 'java/lang/NoSuchMethodError'{0x00000000fe1c23a8}: 'java.lang.Object java.lang.invoke.DirectMethodHandle$Holder.invokeVirtual(java.lang.Object, java.lang.Object, java.lang.Object, java.lang.Object, java.lang.Object)'> (0x00000000fe1c23a8) 
thrown [s\open\src\hotspot\share\interpreter\linkResolver.cpp, line 774]
Event: 1.576 Thread 0x000002281d091860 Exception <a 'java/lang/NoSuchMethodError'{0x00000000fe1d5d10}: 'java.lang.Object java.lang.invoke.Invokers$Holder.invokeExact_MT(java.lang.Object, java.lang.Object, java.lang.Object, java.lang.Object, java.lang.Object, java.lang.Object)'> (0x00000000fe1d5d10) 
thrown [s\open\src\hotspot\share\interpreter\linkResolver.cpp, line 774]
Event: 1.640 Thread 0x000002281d091860 Exception <a 'java/lang/NoSuchMethodError'{0x00000000fff09190}: 'java.lang.Object java.lang.invoke.DirectMethodHandle$Holder.invokeVirtual(java.lang.Object, java.lang.Object, java.lang.Object, java.lang.Object, java.lang.Object, java.lang.Object, java.lang.Object, java.lang.Object, java.lang.Object)'> (0x00000000fff09190) 
thrown [s\open\src\hotspot\share\interpreter\linkResolver.cpp, line 774]
Event: 1.700 Thread 0x000002281d091860 Exception <a 'java/lang/NoSuchMethodError'{0x00000000ffdd7ee8}: 'java.lang.Object java.lang.invoke.DirectMethodHandle$Holder.invokeVirtual(java.lang.Object, java.lang.Object, java.lang.Object, java.lang.Object, java.lang.Object, java.lang.Object, java.lang.Object, java.lang.Object)'> (0x00000000ffdd7ee8) 
thrown [s\open\src\hotspot\share\interpreter\linkResolver.cpp, line 774]
Event: 1.718 Thread 0x000002281d091860 Exception <a 'java/lang/NoSuchMethodError'{0x00000000ffc68cf0}: 'java.lang.Object java.lang.invoke.DirectMethodHandle$Holder.invokeStaticInit(java.lang.Object, int, int, int, int)'> (0x00000000ffc68cf0) 
thrown [s\open\src\hotspot\share\interpreter\linkResolver.cpp, line 774]
Event: 1.757 Thread 0x000002281d091860 Exception <a 'java/lang/NoSuchMethodError'{0x00000000ffcb49b0}: 'java.lang.Object java.lang.invoke.DirectMethodHandle$Holder.invokeStaticInit(java.lang.Object, java.lang.Object, int, int, int, int)'> (0x00000000ffcb49b0) 
thrown [s\open\src\hotspot\share\interpreter\linkResolver.cpp, line 774]
Event: 1.795 Thread 0x000002281d091860 Exception <a 'java/lang/NoSuchMethodError'{0x00000000ffbc13a8}: 'void java.lang.invoke.DirectMethodHandle$Holder.invokeInterface(java.lang.Object, java.lang.Object, java.lang.Object)'> (0x00000000ffbc13a8) 
thrown [s\open\src\hotspot\share\interpreter\linkResolver.cpp, line 774]
Event: 2.204 Thread 0x000002283c7758d0 Exception <a 'java/lang/NoSuchMethodError'{0x00000000ff592770}: 'void java.lang.invoke.DirectMethodHandle$Holder.invokeStatic(java.lang.Object, long)'> (0x00000000ff592770) 
thrown [s\open\src\hotspot\share\interpreter\linkResolver.cpp, line 774]
Event: 2.205 Thread 0x000002283c7758d0 Exception <a 'java/lang/NoSuchMethodError'{0x00000000ff597df0}: 'java.lang.Object java.lang.invoke.DirectMethodHandle$Holder.newInvokeSpecial(java.lang.Object, long)'> (0x00000000ff597df0) 
thrown [s\open\src\hotspot\share\interpreter\linkResolver.cpp, line 774]
Event: 2.206 Thread 0x000002283c7758d0 Exception <a 'java/lang/NoSuchMethodError'{0x00000000ff59f148}: 'java.lang.Object java.lang.invoke.DirectMethodHandle$Holder.invokeStatic(java.lang.Object, long, java.lang.Object)'> (0x00000000ff59f148) 
thrown [s\open\src\hotspot\share\interpreter\linkResolver.cpp, line 774]
Event: 2.206 Thread 0x000002283c7758d0 Exception <a 'java/lang/NoSuchMethodError'{0x00000000ff5a2ca8}: 'java.lang.Object java.lang.invoke.DirectMethodHandle$Holder.invokeStaticInit(java.lang.Object, long, java.lang.Object)'> (0x00000000ff5a2ca8) 
thrown [s\open\src\hotspot\share\interpreter\linkResolver.cpp, line 774]

VM Operations (20 events):
Event: 127.695 Executing VM operation: Cleanup
Event: 127.696 Executing VM operation: Cleanup done
Event: 128.696 Executing VM operation: Cleanup
Event: 128.696 Executing VM operation: Cleanup done
Event: 129.697 Executing VM operation: Cleanup
Event: 129.697 Executing VM operation: Cleanup done
Event: 130.697 Executing VM operation: Cleanup
Event: 130.697 Executing VM operation: Cleanup done
Event: 134.699 Executing VM operation: Cleanup
Event: 134.699 Executing VM operation: Cleanup done
Event: 139.701 Executing VM operation: Cleanup
Event: 139.701 Executing VM operation: Cleanup done
Event: 154.712 Executing VM operation: Cleanup
Event: 154.712 Executing VM operation: Cleanup done
Event: 165.717 Executing VM operation: Cleanup
Event: 165.717 Executing VM operation: Cleanup done
Event: 166.718 Executing VM operation: Cleanup
Event: 166.718 Executing VM operation: Cleanup done
Event: 169.720 Executing VM operation: Cleanup
Event: 169.720 Executing VM operation: Cleanup done

Events (20 events):
Event: 0.036 Thread 0x0000022837370300 Thread added: 0x0000022837370300
Event: 0.053 Thread 0x000002283b5ce7a0 Thread added: 0x000002283b5ce7a0
Event: 0.055 Thread 0x000002283b5d5b40 Thread added: 0x000002283b5d5b40
Event: 0.547 Thread 0x0000022837351ed0 Thread added: 0x0000022837351ed0
Event: 0.552 Thread 0x0000022837350890 Thread added: 0x0000022837350890
Event: 1.210 Thread 0x000002283c48a960 Thread added: 0x000002283c48a960
Event: 1.214 Thread 0x000002283c48a960 Thread exited: 0x000002283c48a960
Event: 1.237 Thread 0x0000022837350890 Thread exited: 0x0000022837350890
Event: 1.248 Thread 0x000002283c323d60 Thread added: 0x000002283c323d60
Event: 1.539 Thread 0x0000022837351ed0 Thread exited: 0x0000022837351ed0
Event: 1.829 Thread 0x0000022837352460 Thread added: 0x0000022837352460
Event: 1.988 Thread 0x000002283c7758d0 Thread added: 0x000002283c7758d0
Event: 2.203 Thread 0x0000022837352460 Thread exited: 0x0000022837352460
Event: 2.209 Thread 0x000002283c8d84f0 Thread added: 0x000002283c8d84f0
Event: 2.209 Thread 0x000002283c8d84f0 Thread exited: 0x000002283c8d84f0
Event: 2.210 Thread 0x000002283c8d84f0 Thread added: 0x000002283c8d84f0
Event: 5.464 Thread 0x000002283c7758d0 Thread exited: 0x000002283c7758d0
Event: 5.464 Thread 0x000002283c8d84f0 Thread exited: 0x000002283c8d84f0
Event: 5.521 Thread 0x00000228373529f0 Thread added: 0x00000228373529f0
Event: 5.651 Thread 0x00000228373529f0 Thread exited: 0x00000228373529f0


Dynamic libraries:
0x00007ff6ff580000 - 0x00007ff6ff590000 	C:\Program Files\Java\jdk-19\bin\java.exe
0x00007ff887b00000 - 0x00007ff887d66000 	C:\WINDOWS\SYSTEM32\ntdll.dll
0x00007ff886450000 - 0x00007ff886519000 	C:\WINDOWS\System32\KERNEL32.DLL
0x00007ff885470000 - 0x00007ff88586a000 	C:\WINDOWS\System32\KERNELBASE.dll
0x00007ff884d90000 - 0x00007ff884edc000 	C:\WINDOWS\System32\ucrtbase.dll
0x00007ff852740000 - 0x00007ff85275b000 	C:\Program Files\Java\jdk-19\bin\VCRUNTIME140.dll
0x00007ff852680000 - 0x00007ff852698000 	C:\Program Files\Java\jdk-19\bin\jli.dll
0x00007ff885ba0000 - 0x00007ff885c56000 	C:\WINDOWS\System32\ADVAPI32.dll
0x00007ff8865d0000 - 0x00007ff886679000 	C:\WINDOWS\System32\msvcrt.dll
0x00007ff886680000 - 0x00007ff88672a000 	C:\WINDOWS\System32\sechost.dll
0x00007ff8877d0000 - 0x00007ff8878e8000 	C:\WINDOWS\System32\RPCRT4.dll
0x00007ff8878f0000 - 0x00007ff887ab7000 	C:\WINDOWS\System32\USER32.dll
0x00007ff885440000 - 0x00007ff885467000 	C:\WINDOWS\System32\win32u.dll
0x00007ff867cd0000 - 0x00007ff867f62000 	C:\WINDOWS\WinSxS\amd64_microsoft.windows.common-controls_6595b64144ccf1df_6.0.26100.8521_none_3e08b75ce33403b3\COMCTL32.dll
0x00007ff886530000 - 0x00007ff88655b000 	C:\WINDOWS\System32\GDI32.dll
0x00007ff884ee0000 - 0x00007ff88500b000 	C:\WINDOWS\System32\gdi32full.dll
0x00007ff8850c0000 - 0x00007ff885163000 	C:\WINDOWS\System32\msvcp_win.dll
0x00007ff87e640000 - 0x00007ff87e64b000 	C:\WINDOWS\SYSTEM32\VERSION.dll
0x00007ff886060000 - 0x00007ff886092000 	C:\WINDOWS\System32\IMM32.DLL
0x00007ff8756a0000 - 0x00007ff8756ac000 	C:\Program Files\Java\jdk-19\bin\vcruntime140_1.dll
0x00007fffecdc0000 - 0x00007fffece4e000 	C:\Program Files\Java\jdk-19\bin\msvcp140.dll
0x00007fffeabe0000 - 0x00007fffeb8a0000 	C:\Program Files\Java\jdk-19\bin\server\jvm.dll
0x00007ff875640000 - 0x00007ff87564a000 	C:\WINDOWS\SYSTEM32\WSOCK32.dll
0x00007ff870dd0000 - 0x00007ff870e06000 	C:\WINDOWS\SYSTEM32\WINMM.dll
0x00007ff885a80000 - 0x00007ff885b00000 	C:\WINDOWS\System32\WS2_32.dll
0x00007ff883b20000 - 0x00007ff883b3b000 	C:\WINDOWS\SYSTEM32\kernel.appcore.dll
0x00007ff875100000 - 0x00007ff87510a000 	C:\Program Files\Java\jdk-19\bin\jimage.dll
0x00007ff8823b0000 - 0x00007ff8825f2000 	C:\WINDOWS\SYSTEM32\DBGHELP.DLL
0x00007ff8860c0000 - 0x00007ff886443000 	C:\WINDOWS\System32\combase.dll
0x00007ff885ce0000 - 0x00007ff885db9000 	C:\WINDOWS\System32\OLEAUT32.dll
0x00007ff848060000 - 0x00007ff84809b000 	C:\WINDOWS\SYSTEM32\dbgcore.DLL
0x00007ff885010000 - 0x00007ff8850b8000 	C:\WINDOWS\System32\bcryptPrimitives.dll
0x00007ff83c1c0000 - 0x00007ff83c1e6000 	C:\Program Files\Java\jdk-19\bin\java.dll
0x00007fffecce0000 - 0x00007fffecdb7000 	C:\Program Files\Java\jdk-19\bin\jsvml.dll
0x00007ff886ac0000 - 0x00007ff887244000 	C:\WINDOWS\System32\SHELL32.dll
0x00007ff882970000 - 0x00007ff8831f0000 	C:\WINDOWS\SYSTEM32\windows.storage.dll
0x00007ff885880000 - 0x00007ff885976000 	C:\WINDOWS\System32\SHCORE.dll
0x00007ff886560000 - 0x00007ff8865c7000 	C:\WINDOWS\System32\shlwapi.dll
0x00007ff884cb0000 - 0x00007ff884cd9000 	C:\WINDOWS\SYSTEM32\profapi.dll
0x00007ff84bd30000 - 0x00007ff84bd43000 	C:\Program Files\Java\jdk-19\bin\net.dll
0x00007ff87e890000 - 0x00007ff87e9b9000 	C:\WINDOWS\SYSTEM32\WINHTTP.dll
0x00007ff884090000 - 0x00007ff8840fc000 	C:\WINDOWS\system32\mswsock.dll
0x00007ff838220000 - 0x00007ff838236000 	C:\Program Files\Java\jdk-19\bin\nio.dll
0x00007ff838200000 - 0x00007ff838218000 	C:\Program Files\Java\jdk-19\bin\zip.dll
0x00007ff869440000 - 0x00007ff86944a000 	C:\Program Files\Java\jdk-19\bin\management.dll
0x00007ff866440000 - 0x00007ff86644b000 	C:\Program Files\Java\jdk-19\bin\management_ext.dll
0x00007ff886520000 - 0x00007ff886528000 	C:\WINDOWS\System32\PSAPI.DLL
0x00007ff836b70000 - 0x00007ff836b97000 	C:\Users\fredd\.gradle\native\660c5614fbf4a5f2a75b1949f50a0caf5cd603558e7d8a26e50b933a0cfb79d1\windows-amd64\native-platform.dll
0x00007ff838250000 - 0x00007ff838274000 	C:\Users\fredd\.gradle\native\jansi\2.4.2\Windows\x86_64\jansi.dll
0x00007ff8835d0000 - 0x00007ff883603000 	C:\WINDOWS\SYSTEM32\IPHLPAPI.DLL
0x00007ff886ab0000 - 0x00007ff886aba000 	C:\WINDOWS\System32\NSI.dll
0x00007ff87f240000 - 0x00007ff87f25d000 	C:\WINDOWS\SYSTEM32\dhcpcsvc6.DLL
0x00007ff87f210000 - 0x00007ff87f235000 	C:\WINDOWS\SYSTEM32\dhcpcsvc.DLL
0x00007ff883610000 - 0x00007ff88375a000 	C:\WINDOWS\SYSTEM32\DNSAPI.dll
0x00007ff883e40000 - 0x00007ff883e4d000 	C:\WINDOWS\SYSTEM32\DSPARSE.dll
0x00007ff852670000 - 0x00007ff852678000 	C:\Program Files\Java\jdk-19\bin\extnet.dll
0x00007ff884370000 - 0x00007ff88438b000 	C:\WINDOWS\SYSTEM32\CRYPTSP.dll
0x00007ff883a80000 - 0x00007ff883ab9000 	C:\WINDOWS\system32\rsaenh.dll
0x00007ff884140000 - 0x00007ff884173000 	C:\WINDOWS\SYSTEM32\USERENV.dll
0x00007ff884c80000 - 0x00007ff884caa000 	C:\WINDOWS\SYSTEM32\bcrypt.dll
0x00007ff884390000 - 0x00007ff88439c000 	C:\WINDOWS\SYSTEM32\CRYPTBASE.dll
0x00007ff851cb0000 - 0x00007ff851cc0000 	C:\Program Files\Java\jdk-19\bin\verify.dll
0x00007ff84d1c0000 - 0x00007ff84d1ce000 	C:\Program Files\Java\jdk-19\bin\sunmscapi.dll
0x00007ff8852c0000 - 0x00007ff885438000 	C:\WINDOWS\System32\CRYPT32.dll
0x00007ff884590000 - 0x00007ff8845c0000 	C:\WINDOWS\SYSTEM32\ncrypt.dll
0x00007ff884540000 - 0x00007ff88457f000 	C:\WINDOWS\SYSTEM32\NTASN1.dll
0x00007ff84ac70000 - 0x00007ff84ac78000 	C:\WINDOWS\system32\wshunix.dll

dbghelp: loaded successfully - version: 4.0.5 - missing functions: none
symbol engine: initialized successfully - sym options: 0x614 - pdb path: .;C:\Program Files\Java\jdk-19\bin;C:\WINDOWS\SYSTEM32;C:\WINDOWS\WinSxS\amd64_microsoft.windows.common-controls_6595b64144ccf1df_6.0.26100.8521_none_3e08b75ce33403b3;C:\Program Files\Java\jdk-19\bin\server;C:\Users\fredd\.gradle\native\660c5614fbf4a5f2a75b1949f50a0caf5cd603558e7d8a26e50b933a0cfb79d1\windows-amd64;C:\Users\fredd\.gradle\native\jansi\2.4.2\Windows\x86_64

VM Arguments:
jvm_args: -Xmx64m -Xms64m -Dorg.gradle.appname=gradlew 
java_command: D:\ReactNative_GymApp_Intern_Task\ReactNative_GymApp_Intern_Task\android\\gradle\wrapper\gradle-wrapper.jar app:installDebug -PreactNativeDevServerPort=8081 --stacktrace
java_class_path (initial): D:\ReactNative_GymApp_Intern_Task\ReactNative_GymApp_Intern_Task\android\\gradle\wrapper\gradle-wrapper.jar
Launcher Type: SUN_STANDARD

[Global flags]
     intx CICompilerCount                          = 4                                         {product} {ergonomic}
     uint ConcGCThreads                            = 3                                         {product} {ergonomic}
     uint G1ConcRefinementThreads                  = 10                                        {product} {ergonomic}
   size_t G1HeapRegionSize                         = 1048576                                   {product} {ergonomic}
    uintx GCDrainStackTargetSize                   = 64                                        {product} {ergonomic}
   size_t InitialHeapSize                          = 67108864                                  {product} {command line}
   size_t MarkStackSize                            = 4194304                                   {product} {ergonomic}
   size_t MaxHeapSize                              = 67108864                                  {product} {command line}
   size_t MaxNewSize                               = 39845888                                  {product} {ergonomic}
   size_t MinHeapDeltaBytes                        = 1048576                                   {product} {ergonomic}
   size_t MinHeapSize                              = 67108864                                  {product} {command line}
    uintx NonNMethodCodeHeapSize                   = 5839372                                {pd product} {ergonomic}
    uintx NonProfiledCodeHeapSize                  = 122909434                              {pd product} {ergonomic}
    uintx ProfiledCodeHeapSize                     = 122909434                              {pd product} {ergonomic}
    uintx ReservedCodeCacheSize                    = 251658240                              {pd product} {ergonomic}
     bool SegmentedCodeCache                       = true                                      {product} {ergonomic}
   size_t SoftMaxHeapSize                          = 67108864                               {manageable} {ergonomic}
     bool UseCompressedClassPointers               = true                           {product lp64_product} {ergonomic}
     bool UseCompressedOops                        = true                           {product lp64_product} {ergonomic}
     bool UseG1GC                                  = true                                      {product} {ergonomic}
     bool UseLargePagesIndividualAllocation        = false                                  {pd product} {ergonomic}

Logging:
Log output configuration:
 #0: stdout all=warning uptime,level,tags foldmultilines=false
 #1: stderr all=off uptime,level,tags foldmultilines=false

Environment Variables:
JAVA_HOME=C:\Program Files\Java\jdk-19
PATH=C:\Program Files\Common Files\Oracle\Java\javapath;C:\WINDOWS\system32;C:\WINDOWS;C:\WINDOWS\System32\Wbem;C:\WINDOWS\System32\WindowsPowerShell\v1.0\;C:\WINDOWS\System32\OpenSSH\;C:\Program Files (x86)\Microsoft SQL Server\160\Tools\Binn\;C:\Program Files\Microsoft SQL Server\160\Tools\Binn\;C:\Program Files\Microsoft SQL Server\Client SDK\ODBC\170\Tools\Binn\;C:\Program Files\Microsoft SQL Server\160\DTS\Binn\;C:\Program Files\Microsoft SQL Server\150\Tools\Binn\;C:\Program Files\dotnet\;C:\Program Files (x86)\GtkSharp\2.12\bin;C:\Program Files\Microsoft SQL Server\Client SDK\ODBC\130\Tools\Binn\;C:\Program Files (x86)\Microsoft SQL Server\140\Tools\Binn\;C:\Program Files\Microsoft SQL Server\140\Tools\Binn\;C:\Program Files\Microsoft SQL Server\140\DTS\Binn\;C:\Program Files (x86)\Microsoft SQL Server\140\DTS\Binn\;C:\Users\fredd\AppData\Local\nvm;C:\nvm4w\nodejs;C:\Program Files\Git\cmd;C:\Users\fredd\AppData\Local\Android\Sdk\tools;C:\Program Files\MySQL\MySQL Shell 8.0\bin\;C:\Users\fredd\AppData\Local\Microsoft\WindowsApps;C:\Program Files\Azure Data Studio\bin;C:\Users\fredd\AppData\Local\Programs\Microsoft VS Code\bin;C:\Users\fredd\.dotnet\tools;C:\Users\fredd\AppData\Local\Android\Sdk\platform-tools;C:\Users\fredd\AppData\Local\nvm;C:\nvm4w\nodejs;
USERNAME=fredd
LANG=en_US.UTF-8
OS=Windows_NT
PROCESSOR_IDENTIFIER=Intel64 Family 6 Model 165 Stepping 2, GenuineIntel
TMP=C:\Users\fredd\AppData\Local\Temp
TEMP=C:\Users\fredd\AppData\Local\Temp



---------------  S Y S T E M  ---------------

OS:
 Windows 11 , 64 bit Build 26100 (10.0.26100.8521)
OS uptime: 0 days 1:11 hours

CPU: total 12 (initial active 12) (6 cores per cpu, 2 threads per core) family 6 model 165 stepping 2 microcode 0xea, cx8, cmov, fxsr, ht, mmx, 3dnowpref, sse, sse2, sse3, ssse3, sse4.1, sse4.2, popcnt, lzcnt, tsc, tscinvbit, avx, avx2, aes, erms, clmul, bmi1, bmi2, adx, fma, vzeroupper, clflush, clflushopt, rdtscp

Memory: 4k page, system-wide physical 16087M (1277M free)
TotalPageFile size 24940M (AvailPageFile size 3M)
current process WorkingSet (physical memory assigned to process): 88M, peak: 114M
current process commit charge ("private bytes"): 181M, peak: 181M

vm_info: Java HotSpot(TM) 64-Bit Server VM (19.0.1+10-21) for windows-amd64 JRE (19.0.1+10-21), built on 2022-09-14T12:45:06Z by "mach5one" with MS VC++ 17.1 (VS2022)

END.
